<?xml version="1.0" encoding="UTF-8"?>
<testsuite xmlns:xsi="http://www.w3.org/2001/XMLSchema-instance" xsi:noNamespaceSchemaLocation="https://maven.apache.org/surefire/maven-surefire-plugin/xsd/surefire-test-report.xsd" name="be.ac.umons.MoneyTest" time="0.038" tests="4" errors="0" skipped="0" failures="0">
  <properties>
[...]
</properties>
  <testcase name="testAdd" classname="be.ac.umons.MoneyTest" time="0.004"/>
  <testcase name="testAdd_Money" classname="be.ac.umons.MoneyTest" time="0"/>
  <testcase name="testAmount" classname="be.ac.umons.MoneyTest" time="0.002"/>
  <testcase name="testCurrency" classname="be.ac.umons.MoneyTest" time="0.001"/>
</testsuite>